\BOOKMARK [0][-]{chapter.1}{\376\377\004\022\004\062\004\065\004\064\004\065\004\075\004\070\004\065}{}% 1
\BOOKMARK [1][-]{section.1.1}{\376\377\004\037\004\065\004\064\004\060\004\063\004\076\004\063\004\070\004\107\004\065\004\101\004\072\004\060\004\117\000\040}{chapter.1}% 2
\BOOKMARK [2][-]{subsection.1.1.1}{\376\377\004\022\004\062\004\065\004\064\004\065\004\075\004\070\004\065}{section.1.1}% 3
\BOOKMARK [2][-]{subsection.1.1.2}{\376\377\004\022\004\070\004\064\004\113\000\040\004\067\004\060\004\064\004\060\004\107}{section.1.1}% 4
\BOOKMARK [2][-]{subsection.1.1.3}{\376\377\004\041\004\102\004\100\004\103\004\072\004\102\004\103\004\100\004\060\000\040\004\074\004\065\004\102\004\076\004\064\004\070\004\107\004\065\004\101\004\072\004\076\004\063\004\076\000\040\004\074\004\060\004\102\004\065\004\100\004\070\004\060\004\073\004\060}{section.1.1}% 5
\BOOKMARK [2][-]{subsection.1.1.4}{\376\377\004\041\004\073\004\076\004\066\004\075\004\076\004\101\004\102\004\114\000\040\004\067\004\060\004\064\004\060\004\107\004\070}{section.1.1}% 6
\BOOKMARK [1][-]{section.1.2}{\376\377\004\030\004\101\004\077\004\076\004\073\004\114\004\067\004\076\004\062\004\060\004\075\004\070\004\065\000\040\004\075\004\065\004\071\004\100\004\076\004\101\004\065\004\102\004\065\004\062\004\113\004\105\000\040\004\077\004\076\004\064\004\105\004\076\004\064\004\076\004\062}{chapter.1}% 7
\BOOKMARK [2][-]{subsection.1.2.1}{\376\377\004\034\004\076\004\064\004\065\004\073\004\114\000\040\004\045\004\076\004\077\004\104\004\070\004\073\004\064\004\060}{section.1.2}% 8
\BOOKMARK [1][-]{section.1.3}{\376\377\004\036\004\061\004\100\004\060\004\061\004\076\004\102\004\072\004\060\000\040\004\065\004\101\004\102\004\065\004\101\004\102\004\062\004\065\004\075\004\075\004\076\004\063\004\076\000\040\004\117\004\067\004\113\004\072\004\060}{chapter.1}% 9
\BOOKMARK [0][-]{chapter.2}{\376\377\004\034\004\065\004\102\004\076\004\064\004\113\000\040\004\076\004\061\004\100\004\060\004\061\004\076\004\102\004\072\004\070\000\040\004\065\004\101\004\102\004\065\004\101\004\102\004\062\004\065\004\075\004\075\004\076\004\063\004\076\000\040\004\117\004\067\004\113\004\072\004\060}{}% 10
\BOOKMARK [1][-]{subsection.2.0.1}{\376\377\004\037\004\100\004\065\004\064\004\101\004\102\004\060\004\062\004\073\004\065\004\075\004\070\004\065}{chapter.2}% 11
\BOOKMARK [2][-]{subsection.2.0.2}{\376\377\004\033\004\065\004\074\004\074\004\060\004\102\004\070\004\067\004\060\004\106\004\070\004\117}{subsection.2.0.1}% 12
\BOOKMARK [2][-]{subsection.2.0.3}{\376\377\004\022\004\065\004\072\004\102\004\076\004\100\004\075\004\076\004\065\000\040\004\077\004\100\004\065\004\064\004\101\004\102\004\060\004\062\004\073\004\065\004\075\004\070\004\065}{subsection.2.0.1}% 13
\BOOKMARK [2][-]{subsection.2.0.4}{\376\377\004\023\004\065\004\075\004\065\004\100\004\060\004\106\004\070\004\117}{subsection.2.0.1}% 14
\BOOKMARK [2][-]{subsection.2.0.5}{\376\377\000N\000-\004\063\004\100\004\060\004\074\004\074\004\113}{subsection.2.0.1}% 15
\BOOKMARK [2][-]{subsection.2.0.6}{\376\377\004\020\004\062\004\102\004\076\004\100\004\065\004\063\004\100\004\065\004\101\004\101\004\070\004\076\004\075\004\060\004\117\000\040\004\074\004\076\004\064\004\065\004\073\004\114}{subsection.2.0.1}% 16
\BOOKMARK [2][-]{subsection.2.0.7}{\376\377\000A\000t\000t\000e\000n\000t\000i\000o\000n}{subsection.2.0.1}% 17
\BOOKMARK [1][-]{section.2.1}{\376\377\004\036\004\061\004\100\004\060\004\061\004\076\004\102\004\072\004\060\000\040\004\070\004\067\004\076\004\061\004\100\004\060\004\066\004\065\004\075\004\070\004\071}{chapter.2}% 18
\BOOKMARK [0][-]{chapter.3}{\376\377\004\034\004\065\004\102\004\076\004\064\004\113\000\040\004\076\004\061\004\100\004\060\004\061\004\076\004\102\004\072\004\070\000\040\004\065\004\101\004\102\004\065\004\101\004\102\004\062\004\065\004\075\004\075\004\076\004\063\004\076\000\040\004\117\004\067\004\113\004\072\004\060}{}% 19
\BOOKMARK [1][-]{subsection.3.0.1}{\376\377\004\037\004\100\004\065\004\064\004\101\004\102\004\060\004\062\004\073\004\065\004\075\004\070\004\065}{chapter.3}% 20
\BOOKMARK [2][-]{subsection.3.0.2}{\376\377\004\033\004\065\004\074\004\074\004\060\004\102\004\070\004\067\004\060\004\106\004\070\004\117}{subsection.3.0.1}% 21
\BOOKMARK [2][-]{subsection.3.0.3}{\376\377\004\022\004\065\004\072\004\102\004\076\004\100\004\075\004\076\004\065\000\040\004\077\004\100\004\065\004\064\004\101\004\102\004\060\004\062\004\073\004\065\004\075\004\070\004\065}{subsection.3.0.1}% 22
\BOOKMARK [2][-]{subsection.3.0.4}{\376\377\004\023\004\065\004\075\004\065\004\100\004\060\004\106\004\070\004\117}{subsection.3.0.1}% 23
\BOOKMARK [2][-]{subsection.3.0.5}{\376\377\000N\000-\004\063\004\100\004\060\004\074\004\074\004\113}{subsection.3.0.1}% 24
\BOOKMARK [2][-]{subsection.3.0.6}{\376\377\004\020\004\062\004\102\004\076\004\100\004\065\004\063\004\100\004\065\004\101\004\101\004\070\004\076\004\075\004\060\004\117\000\040\004\074\004\076\004\064\004\065\004\073\004\114}{subsection.3.0.1}% 25
\BOOKMARK [2][-]{subsection.3.0.7}{\376\377\000A\000t\000t\000e\000n\000t\000i\000o\000n}{subsection.3.0.1}% 26
\BOOKMARK [0][-]{chapter.4}{\376\377\004\037\004\100\004\076\004\064\004\065\004\073\004\060\004\075\004\075\004\060\004\117\000\040\004\100\004\060\004\061\004\076\004\102\004\060}{}% 27
\BOOKMARK [1][-]{section.4.1}{\376\377\004\044\004\076\004\100\004\074\004\070\004\100\004\076\004\062\004\060\004\075\004\070\004\065\000\040\004\030\004\073\004\073\004\116\004\101\004\102\004\100\004\060\004\106\004\070\004\070}{chapter.4}% 28
\BOOKMARK [1][-]{section.4.2}{\376\377\004\027\004\060\004\072\004\073\004\116\004\107\004\065\004\075\004\070\004\065}{chapter.4}% 29
\BOOKMARK [2][-]{subsection.4.2.1}{\376\377\004\021\004\073\004\060\004\063\004\076\004\064\004\060\004\100\004\075\004\076\004\101\004\102\004\070}{section.4.2}% 30
\BOOKMARK [0][-]{subsection.4.2.1}{\376\377\004\041\004\077\004\070\004\101\004\076\004\072\000\040\004\073\004\070\004\102\004\065\004\100\004\060\004\102\004\103\004\100\004\113}{}% 31
